#
# There is insufficient memory for the Java Runtime Environment to continue.
# Native memory allocation (mmap) failed to map 67108864 bytes for G1 virtual space
# Possible reasons:
#   The system is out of physical RAM or swap space
#   The process is running with CompressedOops enabled, and the Java Heap may be blocking the growth of the native heap
# Possible solutions:
#   Reduce memory load on the system
#   Increase physical memory or swap space
#   Check if swap backing store is full
#   Decrease Java heap size (-Xmx/-Xms)
#   Decrease number of Java threads
#   Decrease Java thread stack sizes (-Xss)
#   Set larger code cache with -XX:ReservedCodeCacheSize=
#   JVM is running with Unscaled Compressed Oops mode in which the Java heap is
#     placed in the first 4GB address space. The Java Heap base address is the
#     maximum limit for the native heap growth. Please use -XX:HeapBaseMinAddress
#     to set the Java Heap base and to place the Java Heap above 4GB virtual address.
# This output file may be truncated or incomplete.
#
#  Out of Memory Error (os_windows.cpp:3557), pid=13492, tid=15212
#
# JRE version:  (17.0.6+10) (build )
# Java VM: OpenJDK 64-Bit Server VM (17.0.6+10, mixed mode, sharing, tiered, compressed oops, compressed class ptrs, g1 gc, windows-amd64)
# No core dump will be written. Minidumps are not enabled by default on client versions of Windows
#

---------------  S U M M A R Y ------------

Command Line: -Dfile.encoding=UTF-8 --module-path=C:\Users\Vandana\Desktop\lab1JosiaChuPak\bin -XX:+ShowCodeDetailsInExceptionMessages -Djdk.module.main=lab01 lab01/drawingTool.TestDrawingTool

Host: Intel(R) Core(TM) i5-2410M CPU @ 2.30GHz, 4 cores, 3G,  Windows 7 , 64 bit Build 7601 (6.1.7601.24545)
Time: Mon May  1 21:15:58 2023 W. Europe Daylight Time elapsed time: 0.163619 seconds (0d 0h 0m 0s)

---------------  T H R E A D  ---------------

Current thread (0x00000000004861f0):  JavaThread "Unknown thread" [_thread_in_vm, id=15212, stack(0x00000000023b0000,0x00000000024b0000)]

Stack: [0x00000000023b0000,0x00000000024b0000]
Native frames: (J=compiled Java code, j=interpreted, Vv=VM code, C=native code)
V  [jvm.dll+0x67741a]
V  [jvm.dll+0x834434]
V  [jvm.dll+0x835bde]
V  [jvm.dll+0x836243]
V  [jvm.dll+0x2457b5]
V  [jvm.dll+0x674329]
V  [jvm.dll+0x6689da]
V  [jvm.dll+0x30489b]
V  [jvm.dll+0x30bd96]
V  [jvm.dll+0x35b57e]
V  [jvm.dll+0x35b7af]
V  [jvm.dll+0x2db778]
V  [jvm.dll+0x2dc6e4]
V  [jvm.dll+0x806131]
V  [jvm.dll+0x369331]
V  [jvm.dll+0x7e56ac]
V  [jvm.dll+0x3eb35f]
V  [jvm.dll+0x3ecea1]
C  [jli.dll+0x5267]
C  [ucrtbase.DLL+0x1c1ae]
C  [kernel32.dll+0x1556d]
C  [ntdll.dll+0x5372d]


---------------  P R O C E S S  ---------------

Threads class SMR info:
_java_thread_list=0x000007feea9f5fd8, length=0, elements={
}

Java Threads: ( => current thread )

Other Threads:
  0x00000000004cae90 GCTaskThread "GC Thread#0" [stack: 0x000000001bc70000,0x000000001bd70000] [id=14716]
  0x00000000004d55e0 ConcurrentGCThread "G1 Main Marker" [stack: 0x000000001bf00000,0x000000001c000000] [id=12444]
  0x00000000004d7f00 ConcurrentGCThread "G1 Conc#0" [stack: 0x000000001c000000,0x000000001c100000] [id=10820]

[error occurred during error reporting (printing all threads), id 0xc0000005, EXCEPTION_ACCESS_VIOLATION (0xc0000005) at pc=0x000007feea1cc1e7]

VM state: not at safepoint (not fully initialized)

VM Mutex/Monitor currently owned by a thread:  ([mutex/lock_event])
[0x000000000047fef0] Heap_lock - owner thread: 0x00000000004861f0

Heap address: 0x00000000c0400000, size: 1020 MB, Compressed Oops mode: 32-bit

CDS archive(s) mapped at: [0x0000000000000000-0x0000000000000000-0x0000000000000000), size 0, SharedBaseAddress: 0x0000000800000000, ArchiveRelocationMode: 0.
Narrow klass base: 0x0000000000000000, Narrow klass shift: 0, Narrow klass range: 0x0

GC Precious Log:
<Empty>

Heap:
 garbage-first heap   total 0K, used 0K [0x00000000c0400000, 0x0000000100000000)
  region size 1024K, 0 young (0K), 0 survivors (0K)

[error occurred during error reporting (printing heap information), id 0xc0000005, EXCEPTION_ACCESS_VIOLATION (0xc0000005) at pc=0x000007feea5b06f9]

GC Heap History (0 events):
No events

Dll operation events (1 events):
Event: 0.010 Loaded shared library C:\Program Files\Eclipse Adoptium\jdk-17.0.6.10-hotspot\bin\java.dll

Deoptimization events (0 events):
No events

Classes unloaded (0 events):
No events

Classes redefined (0 events):
No events

Internal exceptions (0 events):
No events

VM Operations (0 events):
No events

Events (0 events):
No events


Dynamic libraries:
0x000000013f7a0000 - 0x000000013f7ae000 	C:\Program Files\Eclipse Adoptium\jdk-17.0.6.10-hotspot\bin\javaw.exe
0x00000000775b0000 - 0x000000007774f000 	C:\windows\SYSTEM32\ntdll.dll
0x0000000077390000 - 0x00000000774af000 	C:\windows\system32\kernel32.dll
0x000007fefd450000 - 0x000007fefd4b7000 	C:\windows\system32\KERNELBASE.dll
0x000007fef19b0000 - 0x000007fef19c7000 	C:\Program Files\Eclipse Adoptium\jdk-17.0.6.10-hotspot\bin\jli.dll
0x000007fefb750000 - 0x000007fefb945000 	C:\windows\WinSxS\amd64_microsoft.windows.common-controls_6595b64144ccf1df_6.0.7601.24483_none_e372d88f30fbb845\COMCTL32.dll
0x000007feff7e0000 - 0x000007feff87f000 	C:\windows\system32\msvcrt.dll
0x000007feff4a0000 - 0x000007feff507000 	C:\windows\system32\GDI32.dll
0x00000000774b0000 - 0x00000000775ab000 	C:\windows\system32\USER32.dll
0x000007feff0d0000 - 0x000007feff0de000 	C:\windows\system32\LPK.dll
0x000007fefdba0000 - 0x000007fefdc6b000 	C:\windows\system32\USP10.dll
0x000007fefe130000 - 0x000007fefe1a1000 	C:\windows\system32\SHLWAPI.dll
0x000007fee8060000 - 0x000007fee8079000 	C:\Program Files\Eclipse Adoptium\jdk-17.0.6.10-hotspot\bin\VCRUNTIME140.dll
0x000007fefa260000 - 0x000007fefa264000 	C:\Program Files\Eclipse Adoptium\jdk-17.0.6.10-hotspot\bin\api-ms-win-crt-runtime-l1-1-0.dll
0x000007fee5270000 - 0x000007fee536a000 	C:\Program Files\Eclipse Adoptium\jdk-17.0.6.10-hotspot\bin\ucrtbase.DLL
0x000007fef3cb0000 - 0x000007fef3cb3000 	C:\Program Files\Eclipse Adoptium\jdk-17.0.6.10-hotspot\bin\api-ms-win-core-localization-l1-2-0.dll
0x000007feedbe0000 - 0x000007feedbe3000 	C:\Program Files\Eclipse Adoptium\jdk-17.0.6.10-hotspot\bin\api-ms-win-core-processthreads-l1-1-1.dll
0x000007fee8050000 - 0x000007fee8053000 	C:\Program Files\Eclipse Adoptium\jdk-17.0.6.10-hotspot\bin\api-ms-win-core-file-l1-2-0.dll
0x000007fee8040000 - 0x000007fee8043000 	C:\Program Files\Eclipse Adoptium\jdk-17.0.6.10-hotspot\bin\api-ms-win-core-timezone-l1-1-0.dll
0x000007fee8030000 - 0x000007fee8033000 	C:\Program Files\Eclipse Adoptium\jdk-17.0.6.10-hotspot\bin\api-ms-win-core-file-l2-1-0.dll
0x000007fee8020000 - 0x000007fee8023000 	C:\Program Files\Eclipse Adoptium\jdk-17.0.6.10-hotspot\bin\api-ms-win-core-synch-l1-2-0.dll
0x000007fee8010000 - 0x000007fee8013000 	C:\Program Files\Eclipse Adoptium\jdk-17.0.6.10-hotspot\bin\api-ms-win-crt-heap-l1-1-0.dll
0x000007fee7f30000 - 0x000007fee7f34000 	C:\Program Files\Eclipse Adoptium\jdk-17.0.6.10-hotspot\bin\api-ms-win-crt-string-l1-1-0.dll
0x000007fee7f20000 - 0x000007fee7f24000 	C:\Program Files\Eclipse Adoptium\jdk-17.0.6.10-hotspot\bin\api-ms-win-crt-stdio-l1-1-0.dll
0x000007fee7f10000 - 0x000007fee7f14000 	C:\Program Files\Eclipse Adoptium\jdk-17.0.6.10-hotspot\bin\api-ms-win-crt-convert-l1-1-0.dll
0x000007fee7f00000 - 0x000007fee7f03000 	C:\Program Files\Eclipse Adoptium\jdk-17.0.6.10-hotspot\bin\api-ms-win-crt-environment-l1-1-0.dll
0x000007fee7ef0000 - 0x000007fee7ef3000 	C:\Program Files\Eclipse Adoptium\jdk-17.0.6.10-hotspot\bin\api-ms-win-crt-filesystem-l1-1-0.dll
0x000007fee7e50000 - 0x000007fee7e55000 	C:\Program Files\Eclipse Adoptium\jdk-17.0.6.10-hotspot\bin\api-ms-win-crt-math-l1-1-0.dll
0x000007fee7e40000 - 0x000007fee7e43000 	C:\Program Files\Eclipse Adoptium\jdk-17.0.6.10-hotspot\bin\api-ms-win-crt-locale-l1-1-0.dll
0x000007fefdb70000 - 0x000007fefdb9e000 	C:\windows\system32\IMM32.DLL
0x000007fefe1b0000 - 0x000007fefe2bb000 	C:\windows\system32\MSCTF.dll
0x000007fee7e30000 - 0x000007fee7e3c000 	C:\Program Files\Eclipse Adoptium\jdk-17.0.6.10-hotspot\bin\vcruntime140_1.dll
0x000007fee4b20000 - 0x000007fee4bb1000 	C:\Program Files\Eclipse Adoptium\jdk-17.0.6.10-hotspot\bin\msvcp140.dll
0x000007fee5460000 - 0x000007fee5463000 	C:\Program Files\Eclipse Adoptium\jdk-17.0.6.10-hotspot\bin\api-ms-win-crt-time-l1-1-0.dll
0x000007fee5450000 - 0x000007fee5453000 	C:\Program Files\Eclipse Adoptium\jdk-17.0.6.10-hotspot\bin\api-ms-win-crt-utility-l1-1-0.dll
0x000007fee9ee0000 - 0x000007feeab27000 	C:\Program Files\Eclipse Adoptium\jdk-17.0.6.10-hotspot\bin\server\jvm.dll
0x000007fefd7c0000 - 0x000007fefd89b000 	C:\windows\system32\ADVAPI32.dll
0x000007fefd7a0000 - 0x000007fefd7bf000 	C:\windows\SYSTEM32\sechost.dll
0x000007feff370000 - 0x000007feff49c000 	C:\windows\system32\RPCRT4.dll
0x000007fef6660000 - 0x000007fef6669000 	C:\windows\system32\WSOCK32.dll
0x000007fefd940000 - 0x000007fefd98d000 	C:\windows\system32\WS2_32.dll
0x000007fefe120000 - 0x000007fefe128000 	C:\windows\system32\NSI.dll
0x000007fefada0000 - 0x000007fefaddb000 	C:\windows\system32\WINMM.dll
0x000007fefc0c0000 - 0x000007fefc0cc000 	C:\windows\system32\VERSION.dll
0x000007fee9d60000 - 0x000007fee9d6a000 	C:\Program Files\Eclipse Adoptium\jdk-17.0.6.10-hotspot\bin\jimage.dll
0x000007fef3330000 - 0x000007fef3455000 	C:\windows\system32\DBGHELP.DLL
0x000007fee9d30000 - 0x000007fee9d55000 	C:\Program Files\Eclipse Adoptium\jdk-17.0.6.10-hotspot\bin\java.dll

dbghelp: loaded successfully - version: 4.0.5 - missing functions: none
symbol engine: initialized successfully - sym options: 0x614 - pdb path: .;C:\Program Files\Eclipse Adoptium\jdk-17.0.6.10-hotspot\bin;C:\windows\SYSTEM32;C:\windows\WinSxS\amd64_microsoft.windows.common-controls_6595b64144ccf1df_6.0.7601.24483_none_e372d88f30fbb845;C:\Program Files\Eclipse Adoptium\jdk-17.0.6.10-hotspot\bin\server

VM Arguments:
jvm_args: -Dfile.encoding=UTF-8 --module-path=C:\Users\Vandana\Desktop\lab1JosiaChuPak\bin -XX:+ShowCodeDetailsInExceptionMessages -Djdk.module.main=lab01 
java_command: lab01/drawingTool.TestDrawingTool
java_class_path (initial): .;C:\Program Files (x86)\Java\jre6\lib\ext\QTJava.zip
Launcher Type: SUN_STANDARD

[Global flags]
     intx CICompilerCount                          = 3                                         {product} {ergonomic}
     uint ConcGCThreads                            = 1                                         {product} {ergonomic}
     uint G1ConcRefinementThreads                  = 4                                         {product} {ergonomic}
   size_t G1HeapRegionSize                         = 1048576                                   {product} {ergonomic}
    uintx GCDrainStackTargetSize                   = 64                                        {product} {ergonomic}
   size_t InitialHeapSize                          = 67108864                                  {product} {ergonomic}
   size_t MarkStackSize                            = 4194304                                   {product} {ergonomic}
   size_t MaxHeapSize                              = 1069547520                                {product} {ergonomic}
   size_t MinHeapDeltaBytes                        = 1048576                                   {product} {ergonomic}
   size_t MinHeapSize                              = 8388608                                   {product} {ergonomic}
    uintx NonNMethodCodeHeapSize                   = 5832780                                {pd product} {ergonomic}
    uintx NonProfiledCodeHeapSize                  = 122912730                              {pd product} {ergonomic}
    uintx ProfiledCodeHeapSize                     = 122912730                              {pd product} {ergonomic}
    uintx ReservedCodeCacheSize                    = 251658240                              {pd product} {ergonomic}
     bool SegmentedCodeCache                       = true                                      {product} {ergonomic}
     bool ShowCodeDetailsInExceptionMessages       = true                                   {manageable} {command line}
   size_t SoftMaxHeapSize                          = 1069547520                             {manageable} {ergonomic}
     bool UseCompressedClassPointers               = true                           {product lp64_product} {ergonomic}
     bool UseCompressedOops                        = true                           {product lp64_product} {ergonomic}
     bool UseG1GC                                  = true                                      {product} {ergonomic}
     bool UseLargePagesIndividualAllocation        = false                                  {pd product} {ergonomic}

Logging:
Log output configuration:
 #0: stdout all=warning uptime,level,tags
 #1: stderr all=off uptime,level,tags

Environment Variables:
JAVA_HOME=C:\Program Files\Eclipse Adoptium\jdk-17.0.6.10-hotspot\
CLASSPATH=.;C:\Program Files (x86)\Java\jre6\lib\ext\QTJava.zip
PATH=C:/Program Files/Eclipse Adoptium/jdk-17.0.6.10-hotspot/bin/server;C:/Program Files/Eclipse Adoptium/jdk-17.0.6.10-hotspot/bin;C:\Program Files\Eclipse Adoptium\jdk-17.0.6.10-hotspot\bin;C:\Program Files\Eclipse Adoptium\jdk-17.0.6.10-hotspot\\bin\;C:\Users\Vandana\.dotnet\tools;C:\Users\Vandana\Desktop;
USERNAME=Vandana
OS=Windows_NT
PROCESSOR_IDENTIFIER=Intel64 Family 6 Model 42 Stepping 7, GenuineIntel
TMP=C:\Users\Vandana\AppData\Local\Temp
TEMP=C:\Users\Vandana\AppData\Local\Temp



---------------  S Y S T E M  ---------------

OS:
 Windows 7 , 64 bit Build 7601 (6.1.7601.24545)
OS uptime: 0 days 10:08 hours

CPU: total 4 (initial active 4) (2 cores per cpu, 2 threads per core) family 6 model 42 stepping 7 microcode 0x0, cx8, cmov, fxsr, ht, mmx, sse, sse2, sse3, ssse3, sse4.1, sse4.2, popcnt, tsc, tscinvbit, avx, clmul, vzeroupper, clflush

Memory: 4k page, system-wide physical 4077M (831M free)
TotalPageFile size 16309M (AvailPageFile size 15M)
current process WorkingSet (physical memory assigned to process): 10M, peak: 10M
current process commit charge ("private bytes"): 56M, peak: 118M

vm_info: OpenJDK 64-Bit Server VM (17.0.6+10) for windows-amd64 JRE (17.0.6+10), built on Jan 18 2023 10:08:59 by "temurin" with MS VC++ 16.7 (VS2019)

END.
